<?xml version="1.0" encoding="UTF-8"?>
<!-- Generated by org.testng.reporters.JUnitXMLReporter -->
<testsuite ignored="0" hostname="LAPTOP-3USBQQ16" failures="0" tests="3" name="Default test" time="25.069" errors="0" timestamp="2024-07-22T00:48:36 IST">
  <testcase classname="com.ui.tests.UIGoogleTests" name="testMethod" time="4.785"/>
  <testcase classname="com.ui.tests.UIGoogleTests" name="openSearchResults" time="1.254"/>
  <testcase classname="com.ui.tests.UIGoogleTests" name="getBrokenLinksTest" time="18.88"/>
</testsuite> <!-- Default test -->
