<?xml version="1.0" encoding="UTF-8"?>
<!-- Generated by org.testng.reporters.JUnitXMLReporter -->
<testsuite ignored="0" hostname="LAPTOP-3USBQQ16" failures="0" tests="3" name="Default test" time="21.871" errors="0" timestamp="2024-07-22T00:34:39 IST">
  <testcase classname="com.ui.tests.UIGoogleTests" name="testMethod" time="1.422"/>
  <testcase classname="com.ui.tests.UIGoogleTests" name="openSearchResults" time="2.21"/>
  <testcase classname="com.ui.tests.UIGoogleTests" name="getBrokenLinksTest" time="17.931"/>
</testsuite> <!-- Default test -->
