<?xml version="1.0" encoding="UTF-8"?>
<testng-results ignored="0" total="3" passed="3" failed="0" skipped="0">
  <reporter-output>
  </reporter-output>
  <suite started-at="2024-07-22T00:48:11 IST" name="Default suite" finished-at="2024-07-22T00:48:36 IST" duration-ms="25069">
    <groups>
    </groups>
    <test started-at="2024-07-22T00:48:11 IST" name="Default test" finished-at="2024-07-22T00:48:36 IST" duration-ms="25069">
      <class name="com.ui.tests.UIGoogleTests">
        <test-method is-config="true" signature="setUp()[pri:0, instance:com.ui.tests.UIGoogleTests@2ff15f8c]" started-at="2024-07-22T00:48:11 IST" name="setUp" finished-at="2024-07-22T00:48:11 IST" duration-ms="11" status="PASS">
          <reporter-output>
          </reporter-output>
        </test-method> <!-- setUp -->
        <test-method signature="testMethod()[pri:0, instance:com.ui.tests.UIGoogleTests@2ff15f8c]" started-at="2024-07-22T00:48:11 IST" name="testMethod" finished-at="2024-07-22T00:48:16 IST" duration-ms="4785" status="PASS">
          <reporter-output>
          </reporter-output>
        </test-method> <!-- testMethod -->
        <test-method signature="openSearchResults()[pri:0, instance:com.ui.tests.UIGoogleTests@2ff15f8c]" started-at="2024-07-22T00:48:16 IST" name="openSearchResults" finished-at="2024-07-22T00:48:17 IST" depends-on-methods="com.ui.tests.UIGoogleTests.testMethod" duration-ms="1254" status="PASS">
          <reporter-output>
          </reporter-output>
        </test-method> <!-- openSearchResults -->
        <test-method signature="getBrokenLinksTest()[pri:0, instance:com.ui.tests.UIGoogleTests@2ff15f8c]" started-at="2024-07-22T00:48:17 IST" name="getBrokenLinksTest" finished-at="2024-07-22T00:48:36 IST" depends-on-methods="com.ui.tests.UIGoogleTests.openSearchResults" duration-ms="18880" status="PASS">
          <reporter-output>
          </reporter-output>
        </test-method> <!-- getBrokenLinksTest -->
        <test-method is-config="true" signature="cleanUp()[pri:0, instance:com.ui.tests.UIGoogleTests@2ff15f8c]" started-at="2024-07-22T00:48:36 IST" name="cleanUp" finished-at="2024-07-22T00:48:36 IST" duration-ms="110" status="PASS">
          <reporter-output>
          </reporter-output>
        </test-method> <!-- cleanUp -->
      </class> <!-- com.ui.tests.UIGoogleTests -->
    </test> <!-- Default test -->
  </suite> <!-- Default suite -->
</testng-results>
