<?xml version="1.0" encoding="UTF-8"?>
<testng-results ignored="0" total="2" passed="2" failed="0" skipped="0">
  <reporter-output>
  </reporter-output>
  <suite started-at="2024-07-23T03:26:47 IST" name="Default suite" finished-at="2024-07-23T03:31:27 IST" duration-ms="280413">
    <groups>
    </groups>
    <test started-at="2024-07-23T03:26:47 IST" name="Default test" finished-at="2024-07-23T03:31:27 IST" duration-ms="280413">
      <class name="com.api.tests.EndToEndAPIFlowTest">
        <test-method is-config="true" signature="setUp()[pri:0, instance:com.api.tests.EndToEndAPIFlowTest@3f29e26]" started-at="2024-07-23T03:26:47 IST" name="setUp" finished-at="2024-07-23T03:26:47 IST" duration-ms="31" status="PASS">
          <reporter-output>
          </reporter-output>
        </test-method> <!-- setUp -->
        <test-method signature="postNewDataTest()[pri:0, instance:com.api.tests.EndToEndAPIFlowTest@3f29e26]" started-at="2024-07-23T03:26:47 IST" name="postNewDataTest" finished-at="2024-07-23T03:30:40 IST" duration-ms="233077" status="PASS">
          <reporter-output>
          </reporter-output>
        </test-method> <!-- postNewDataTest -->
        <test-method signature="getCreatedRequestInfo()[pri:0, instance:com.api.tests.EndToEndAPIFlowTest@3f29e26]" started-at="2024-07-23T03:30:54 IST" name="getCreatedRequestInfo" finished-at="2024-07-23T03:31:27 IST" depends-on-methods="com.api.tests.EndToEndAPIFlowTest.postNewDataTest" duration-ms="32575" status="PASS">
          <reporter-output>
          </reporter-output>
        </test-method> <!-- getCreatedRequestInfo -->
      </class> <!-- com.api.tests.EndToEndAPIFlowTest -->
    </test> <!-- Default test -->
  </suite> <!-- Default suite -->
</testng-results>
